/l/senarvi/theanolm-recipes/penn-treebank/nnlm.vocab
THEANO_FLAGS=floatX=float32,device=cuda0,optimizer_excluding=local_gpua_multinomial_wor
Context None device="Quadro K2000" ID="0000:01:00.0"
Reading vocabulary from /l/senarvi/theanolm-recipes/penn-treebank/nnlm.vocab.
Computing unigram probabilities for out-of-shortlist words.
Number of words in vocabulary: 10001
Number of words in shortlist: 10001
Number of word classes: 10001
2017-10-20 22:52:54,452 train: TRAINING OPTIONS
2017-10-20 22:52:54,453 train: sequence_length: 25
2017-10-20 22:52:54,453 train: stopping_criterion: no-improvement
2017-10-20 22:52:54,453 train: patience: 0
2017-10-20 22:52:54,453 train: batch_size: 32
2017-10-20 22:52:54,453 train: max_epochs: 15
2017-10-20 22:52:54,453 train: min_epochs: 1
2017-10-20 22:52:54,453 train: validation_frequency: 1
2017-10-20 22:52:54,453 train: max_annealing_count: 0
2017-10-20 22:52:54,453 train: OPTIMIZATION OPTIONS
2017-10-20 22:52:54,453 train: sqr_gradient_decay_rate: 0.999
2017-10-20 22:52:54,453 train: learning_rate: 1.0
2017-10-20 22:52:54,453 train: num_noise_samples: 1
2017-10-20 22:52:54,453 train: max_gradient_norm: 5.0
2017-10-20 22:52:54,453 train: gradient_decay_rate: 0.9
2017-10-20 22:52:54,453 train: epsilon: 1e-06
2017-10-20 22:52:54,454 train: weights: [ 1.]
2017-10-20 22:52:54,454 train: noise_sharing: None
2017-10-20 22:52:54,454 train: momentum: 0.9
2017-10-20 22:52:54,454 train: method: nesterov
Creating trainer.
Computing the number of mini-batches in training data.
2017-10-20 22:52:56,009 __init__: One epoch of training data contains 1778 mini-batch updates.
2017-10-20 22:52:56,010 __init__: Class unigram log probabilities are in the range [-13.786758, -2.951697].
2017-10-20 22:52:56,010 __init__: Finding sentence start positions in /teamwork/t40511_asr/c/penn-treebank-project/ptb.train.txt.
2017-10-20 22:52:56,033 _reset: Generating a random order of input lines.
Building neural network.
2017-10-20 22:52:56,049 __init__: Creating layers.
2017-10-20 22:52:56,049 __init__: - NetworkInput name=word_input inputs=[] size=10001 activation=tanh devices=[]
2017-10-20 22:52:56,049 __init__: - ProjectionLayer name=projection_layer inputs=[word_input] size=100 activation=tanh devices=[None]
2017-10-20 22:52:56,090 add:      * layers/projection_layer/W size=1000100 type=float32 device=None
2017-10-20 22:52:56,090 __init__: - LSTMLayer name=hidden_layer inputs=[projection_layer] size=256 activation=tanh devices=[None]
2017-10-20 22:52:56,094 add:      * layers/hidden_layer/layer_input/W size=102400 type=float32 device=None
2017-10-20 22:52:56,160 add:      * layers/hidden_layer/step_input/W size=262144 type=float32 device=None
2017-10-20 22:52:56,160 add:      * layers/hidden_layer/layer_input/b size=1024 type=float32 device=None
2017-10-20 22:52:56,160 __init__: - SoftmaxLayer name=output_layer inputs=[hidden_layer] size=10001 activation=tanh devices=[None]
2017-10-20 22:52:56,267 add:      * layers/output_layer/input/W size=2560256 type=float32 device=None
2017-10-20 22:52:56,267 add:      * layers/output_layer/input/b size=10001 type=float32 device=None
2017-10-20 22:52:56,267 __init__: Total number of model parameters: 3935925
Building optimizer.
2017-10-20 22:52:59,227 add:      * layers/hidden_layer/step_input/W_velocity size=262144 type=float32 device=None
2017-10-20 22:52:59,227 add:      * layers/hidden_layer/layer_input/b_velocity size=1024 type=float32 device=None
2017-10-20 22:52:59,229 add:      * layers/projection_layer/W_velocity size=1000100 type=float32 device=None
2017-10-20 22:52:59,229 add:      * layers/output_layer/input/b_velocity size=10001 type=float32 device=None
2017-10-20 22:52:59,235 add:      * layers/output_layer/input/W_velocity size=2560256 type=float32 device=None
2017-10-20 22:52:59,235 add:      * layers/hidden_layer/layer_input/W_velocity size=102400 type=float32 device=None
Building text scorer for cross-validation.
Validation text: /teamwork/t40511_asr/c/penn-treebank-project/ptb.valid.txt
Training neural network.
2017-10-20 22:53:47,372 _log_update: [200] (11.2 %) of epoch 1 -- lr = 1, duration = 12.9 ms
2017-10-20 22:54:13,409 _log_update: [400] (22.5 %) of epoch 1 -- lr = 1, duration = 12.9 ms
2017-10-20 22:54:39,443 _log_update: [600] (33.7 %) of epoch 1 -- lr = 1, duration = 12.9 ms
2017-10-20 22:55:05,475 _log_update: [800] (45.0 %) of epoch 1 -- lr = 1, duration = 12.9 ms
2017-10-20 22:55:31,539 _log_update: [1000] (56.2 %) of epoch 1 -- lr = 1, duration = 12.9 ms
2017-10-20 22:55:57,584 _log_update: [1200] (67.5 %) of epoch 1 -- lr = 1, duration = 12.9 ms
2017-10-20 22:56:23,644 _log_update: [1400] (78.7 %) of epoch 1 -- lr = 1, duration = 12.9 ms
2017-10-20 22:56:49,710 _log_update: [1600] (90.0 %) of epoch 1 -- lr = 1, duration = 12.9 ms
2017-10-20 22:57:15,806 _validate: [1772] First validation sample, perplexity 288.61.
2017-10-20 22:57:27,144 _validate: [1775] Center of validation, perplexity 286.55.
2017-10-20 22:57:38,638 _validate: [1778] Last validation sample, perplexity 284.79.
2017-10-20 22:57:38,661 _set_candidate_state: New candidate for optimal state saved to /l/senarvi/theanolm-recipes/penn-treebank/nnlm.h5.
2017-10-20 22:57:38,661 _log_validation: [1778] Validation set cost history: [286.5]
2017-10-20 22:57:38,661 _reset: Generating a random order of input lines.
Finished training epoch 1 in 0 hours 4.3 minutes. Best validation perplexity 286.47.
2017-10-20 22:57:41,489 _log_update: [22] (1.2 %) of epoch 2 -- lr = 1, duration = 12.9 ms
2017-10-20 22:58:07,479 _log_update: [222] (12.5 %) of epoch 2 -- lr = 1, duration = 12.9 ms
2017-10-20 22:58:33,463 _log_update: [422] (23.7 %) of epoch 2 -- lr = 1, duration = 12.9 ms
2017-10-20 22:58:59,447 _log_update: [622] (35.0 %) of epoch 2 -- lr = 1, duration = 12.9 ms
2017-10-20 22:59:25,438 _log_update: [822] (46.2 %) of epoch 2 -- lr = 1, duration = 12.9 ms
2017-10-20 22:59:51,422 _log_update: [1022] (57.5 %) of epoch 2 -- lr = 1, duration = 12.9 ms
2017-10-20 23:00:17,408 _log_update: [1222] (68.7 %) of epoch 2 -- lr = 1, duration = 12.9 ms
2017-10-20 23:00:43,391 _log_update: [1422] (80.0 %) of epoch 2 -- lr = 1, duration = 12.9 ms
2017-10-20 23:01:09,390 _log_update: [1622] (91.2 %) of epoch 2 -- lr = 1, duration = 12.9 ms
2017-10-20 23:01:32,576 _validate: [1772] First validation sample, perplexity 206.45.
2017-10-20 23:01:43,906 _validate: [1775] Center of validation, perplexity 206.35.
2017-10-20 23:01:55,257 _validate: [1778] Last validation sample, perplexity 207.36.
2017-10-20 23:01:55,274 _set_candidate_state: New candidate for optimal state saved to /l/senarvi/theanolm-recipes/penn-treebank/nnlm.h5.
2017-10-20 23:01:55,274 _log_validation: [1778] Validation set cost history: 286.5 [206.3]
2017-10-20 23:01:55,275 _reset: Generating a random order of input lines.
Finished training epoch 2 in 0 hours 4.3 minutes. Best validation perplexity 206.35.
2017-10-20 23:02:00,786 _log_update: [44] (2.5 %) of epoch 3 -- lr = 1, duration = 12.5 ms
2017-10-20 23:02:25,961 _log_update: [244] (13.7 %) of epoch 3 -- lr = 1, duration = 12.5 ms
2017-10-20 23:02:51,131 _log_update: [444] (25.0 %) of epoch 3 -- lr = 1, duration = 12.5 ms
2017-10-20 23:03:16,306 _log_update: [644] (36.2 %) of epoch 3 -- lr = 1, duration = 12.5 ms
2017-10-20 23:03:41,923 _log_update: [844] (47.5 %) of epoch 3 -- lr = 1, duration = 12.4 ms
2017-10-20 23:04:07,100 _log_update: [1044] (58.7 %) of epoch 3 -- lr = 1, duration = 12.5 ms
2017-10-20 23:04:32,273 _log_update: [1244] (70.0 %) of epoch 3 -- lr = 1, duration = 12.5 ms
2017-10-20 23:04:57,451 _log_update: [1444] (81.2 %) of epoch 3 -- lr = 1, duration = 12.5 ms
2017-10-20 23:05:22,630 _log_update: [1644] (92.5 %) of epoch 3 -- lr = 1, duration = 12.5 ms
2017-10-20 23:05:42,430 _validate: [1772] First validation sample, perplexity 177.21.
2017-10-20 23:05:53,758 _validate: [1775] Center of validation, perplexity 176.05.
2017-10-20 23:06:05,096 _validate: [1778] Last validation sample, perplexity 175.55.
2017-10-20 23:06:05,111 _set_candidate_state: New candidate for optimal state saved to /l/senarvi/theanolm-recipes/penn-treebank/nnlm.h5.
2017-10-20 23:06:05,112 _log_validation: [1778] Validation set cost history: 286.5 206.3 [176.1]
2017-10-20 23:06:05,112 _reset: Generating a random order of input lines.
Finished training epoch 3 in 0 hours 4.2 minutes. Best validation perplexity 176.05.
2017-10-20 23:06:13,400 _log_update: [66] (3.7 %) of epoch 4 -- lr = 1, duration = 12.5 ms
2017-10-20 23:06:38,598 _log_update: [266] (15.0 %) of epoch 4 -- lr = 1, duration = 12.5 ms
2017-10-20 23:07:03,795 _log_update: [466] (26.2 %) of epoch 4 -- lr = 1, duration = 12.5 ms
2017-10-20 23:07:28,990 _log_update: [666] (37.5 %) of epoch 4 -- lr = 1, duration = 12.5 ms
2017-10-20 23:07:54,185 _log_update: [866] (48.7 %) of epoch 4 -- lr = 1, duration = 12.5 ms
2017-10-20 23:08:19,383 _log_update: [1066] (60.0 %) of epoch 4 -- lr = 1, duration = 12.5 ms
2017-10-20 23:08:44,579 _log_update: [1266] (71.2 %) of epoch 4 -- lr = 1, duration = 12.5 ms
2017-10-20 23:09:09,779 _log_update: [1466] (82.5 %) of epoch 4 -- lr = 1, duration = 12.5 ms
2017-10-20 23:09:34,981 _log_update: [1666] (93.7 %) of epoch 4 -- lr = 1, duration = 12.5 ms
2017-10-20 23:09:52,056 _validate: [1772] First validation sample, perplexity 165.06.
2017-10-20 23:10:03,390 _validate: [1775] Center of validation, perplexity 163.39.
2017-10-20 23:10:14,723 _validate: [1778] Last validation sample, perplexity 165.07.
2017-10-20 23:10:14,738 _set_candidate_state: New candidate for optimal state saved to /l/senarvi/theanolm-recipes/penn-treebank/nnlm.h5.
2017-10-20 23:10:14,739 _log_validation: [1778] Validation set cost history: 286.5 206.3 176.1 [164.1]
2017-10-20 23:10:14,739 _reset: Generating a random order of input lines.
Finished training epoch 4 in 0 hours 4.2 minutes. Best validation perplexity 164.11.
2017-10-20 23:10:25,792 _log_update: [88] (4.9 %) of epoch 5 -- lr = 1, duration = 12.5 ms
2017-10-20 23:10:50,967 _log_update: [288] (16.2 %) of epoch 5 -- lr = 1, duration = 12.5 ms
2017-10-20 23:11:16,161 _log_update: [488] (27.4 %) of epoch 5 -- lr = 1, duration = 12.5 ms
2017-10-20 23:11:41,344 _log_update: [688] (38.7 %) of epoch 5 -- lr = 1, duration = 12.5 ms
2017-10-20 23:12:06,526 _log_update: [888] (49.9 %) of epoch 5 -- lr = 1, duration = 12.5 ms
2017-10-20 23:12:31,704 _log_update: [1088] (61.2 %) of epoch 5 -- lr = 1, duration = 12.5 ms
2017-10-20 23:12:56,880 _log_update: [1288] (72.4 %) of epoch 5 -- lr = 1, duration = 12.5 ms
2017-10-20 23:13:22,061 _log_update: [1488] (83.7 %) of epoch 5 -- lr = 1, duration = 12.5 ms
2017-10-20 23:13:47,237 _log_update: [1688] (94.9 %) of epoch 5 -- lr = 1, duration = 12.5 ms
2017-10-20 23:14:01,507 _validate: [1772] First validation sample, perplexity 157.34.
2017-10-20 23:14:12,827 _validate: [1775] Center of validation, perplexity 158.12.
2017-10-20 23:14:24,160 _validate: [1778] Last validation sample, perplexity 158.55.
2017-10-20 23:14:24,175 _set_candidate_state: New candidate for optimal state saved to /l/senarvi/theanolm-recipes/penn-treebank/nnlm.h5.
2017-10-20 23:14:24,175 _log_validation: [1778] Validation set cost history: 286.5 206.3 176.1 164.1 [158.1]
2017-10-20 23:14:24,176 _reset: Generating a random order of input lines.
Finished training epoch 5 in 0 hours 4.2 minutes. Best validation perplexity 158.12.
2017-10-20 23:14:37,985 _log_update: [110] (6.2 %) of epoch 6 -- lr = 1, duration = 12.4 ms
2017-10-20 23:15:03,150 _log_update: [310] (17.4 %) of epoch 6 -- lr = 1, duration = 12.5 ms
2017-10-20 23:15:28,308 _log_update: [510] (28.7 %) of epoch 6 -- lr = 1, duration = 12.5 ms
2017-10-20 23:15:53,471 _log_update: [710] (39.9 %) of epoch 6 -- lr = 1, duration = 12.7 ms
2017-10-20 23:16:18,632 _log_update: [910] (51.2 %) of epoch 6 -- lr = 1, duration = 12.5 ms
2017-10-20 23:16:43,794 _log_update: [1110] (62.4 %) of epoch 6 -- lr = 1, duration = 12.5 ms
2017-10-20 23:17:08,954 _log_update: [1310] (73.7 %) of epoch 6 -- lr = 1, duration = 12.5 ms
2017-10-20 23:17:34,119 _log_update: [1510] (84.9 %) of epoch 6 -- lr = 1, duration = 12.5 ms
2017-10-20 23:17:59,279 _log_update: [1710] (96.2 %) of epoch 6 -- lr = 1, duration = 12.5 ms
2017-10-20 23:18:10,767 _validate: [1772] First validation sample, perplexity 150.38.
2017-10-20 23:18:22,087 _validate: [1775] Center of validation, perplexity 152.48.
2017-10-20 23:18:33,421 _validate: [1778] Last validation sample, perplexity 150.41.
2017-10-20 23:18:33,436 _set_candidate_state: New candidate for optimal state saved to /l/senarvi/theanolm-recipes/penn-treebank/nnlm.h5.
2017-10-20 23:18:33,436 _log_validation: [1778] Validation set cost history: 286.5 206.3 176.1 164.1 158.1 [150.8]
2017-10-20 23:18:33,437 _reset: Generating a random order of input lines.
Finished training epoch 6 in 0 hours 4.2 minutes. Best validation perplexity 150.83.
2017-10-20 23:18:50,013 _log_update: [132] (7.4 %) of epoch 7 -- lr = 1, duration = 12.5 ms
2017-10-20 23:19:15,176 _log_update: [332] (18.7 %) of epoch 7 -- lr = 1, duration = 12.5 ms
2017-10-20 23:19:40,344 _log_update: [532] (29.9 %) of epoch 7 -- lr = 1, duration = 12.5 ms
2017-10-20 23:20:05,508 _log_update: [732] (41.2 %) of epoch 7 -- lr = 1, duration = 12.5 ms
2017-10-20 23:20:30,664 _log_update: [932] (52.4 %) of epoch 7 -- lr = 1, duration = 12.5 ms
2017-10-20 23:20:55,830 _log_update: [1132] (63.7 %) of epoch 7 -- lr = 1, duration = 12.5 ms
2017-10-20 23:21:20,997 _log_update: [1332] (74.9 %) of epoch 7 -- lr = 1, duration = 12.5 ms
2017-10-20 23:21:46,158 _log_update: [1532] (86.2 %) of epoch 7 -- lr = 1, duration = 12.5 ms
2017-10-20 23:22:11,320 _log_update: [1732] (97.4 %) of epoch 7 -- lr = 1, duration = 12.4 ms
2017-10-20 23:22:20,040 _validate: [1772] First validation sample, perplexity 147.80.
2017-10-20 23:22:31,358 _validate: [1775] Center of validation, perplexity 147.97.
2017-10-20 23:22:42,688 _validate: [1778] Last validation sample, perplexity 146.80.
2017-10-20 23:22:42,703 _set_candidate_state: New candidate for optimal state saved to /l/senarvi/theanolm-recipes/penn-treebank/nnlm.h5.
2017-10-20 23:22:42,703 _log_validation: [1778] Validation set cost history: 286.5 206.3 176.1 164.1 158.1 150.8 [147.8]
2017-10-20 23:22:42,704 _reset: Generating a random order of input lines.
Finished training epoch 7 in 0 hours 4.2 minutes. Best validation perplexity 147.80.
2017-10-20 23:23:02,054 _log_update: [154] (8.7 %) of epoch 8 -- lr = 1, duration = 12.5 ms
2017-10-20 23:23:27,217 _log_update: [354] (19.9 %) of epoch 8 -- lr = 1, duration = 12.5 ms
2017-10-20 23:23:52,376 _log_update: [554] (31.2 %) of epoch 8 -- lr = 1, duration = 12.4 ms
2017-10-20 23:24:17,540 _log_update: [754] (42.4 %) of epoch 8 -- lr = 1, duration = 12.5 ms
2017-10-20 23:24:42,715 _log_update: [954] (53.7 %) of epoch 8 -- lr = 1, duration = 12.5 ms
2017-10-20 23:25:07,884 _log_update: [1154] (64.9 %) of epoch 8 -- lr = 1, duration = 12.5 ms
2017-10-20 23:25:33,047 _log_update: [1354] (76.2 %) of epoch 8 -- lr = 1, duration = 12.5 ms
2017-10-20 23:25:58,218 _log_update: [1554] (87.4 %) of epoch 8 -- lr = 1, duration = 12.5 ms
2017-10-20 23:26:23,383 _log_update: [1754] (98.7 %) of epoch 8 -- lr = 1, duration = 12.5 ms
2017-10-20 23:26:29,340 _validate: [1772] First validation sample, perplexity 144.23.
2017-10-20 23:26:40,656 _validate: [1775] Center of validation, perplexity 144.51.
2017-10-20 23:26:51,985 _validate: [1778] Last validation sample, perplexity 143.41.
2017-10-20 23:26:52,000 _set_candidate_state: New candidate for optimal state saved to /l/senarvi/theanolm-recipes/penn-treebank/nnlm.h5.
2017-10-20 23:26:52,000 _log_validation: [1778] Validation set cost history: 286.5 206.3 176.1 164.1 158.1 150.8 147.8 [144.1]
2017-10-20 23:26:52,001 _reset: Generating a random order of input lines.
Finished training epoch 8 in 0 hours 4.2 minutes. Best validation perplexity 144.12.
2017-10-20 23:27:14,112 _log_update: [176] (9.9 %) of epoch 9 -- lr = 1, duration = 12.4 ms
2017-10-20 23:27:39,271 _log_update: [376] (21.1 %) of epoch 9 -- lr = 1, duration = 12.5 ms
2017-10-20 23:28:04,433 _log_update: [576] (32.4 %) of epoch 9 -- lr = 1, duration = 12.4 ms
2017-10-20 23:28:29,601 _log_update: [776] (43.6 %) of epoch 9 -- lr = 1, duration = 12.4 ms
2017-10-20 23:28:54,759 _log_update: [976] (54.9 %) of epoch 9 -- lr = 1, duration = 12.5 ms
2017-10-20 23:29:19,921 _log_update: [1176] (66.1 %) of epoch 9 -- lr = 1, duration = 12.5 ms
2017-10-20 23:29:45,082 _log_update: [1376] (77.4 %) of epoch 9 -- lr = 1, duration = 12.5 ms
2017-10-20 23:30:10,245 _log_update: [1576] (88.6 %) of epoch 9 -- lr = 1, duration = 12.5 ms
2017-10-20 23:30:38,590 _validate: [1772] First validation sample, perplexity 142.83.
2017-10-20 23:30:49,909 _validate: [1775] Center of validation, perplexity 141.84.
2017-10-20 23:30:50,021 _log_update: [1776] (99.9 %) of epoch 9 -- lr = 1, duration = 9.2 ms
2017-10-20 23:31:01,259 _validate: [1778] Last validation sample, perplexity 143.90.
2017-10-20 23:31:01,274 _set_candidate_state: New candidate for optimal state saved to /l/senarvi/theanolm-recipes/penn-treebank/nnlm.h5.
2017-10-20 23:31:01,274 _log_validation: [1778] Validation set cost history: 286.5 206.3 176.1 164.1 158.1 150.8 147.8 144.1 [142.8]
2017-10-20 23:31:01,275 _reset: Generating a random order of input lines.
Finished training epoch 9 in 0 hours 4.2 minutes. Best validation perplexity 142.78.
2017-10-20 23:31:26,154 _log_update: [198] (11.1 %) of epoch 10 -- lr = 1, duration = 12.5 ms
2017-10-20 23:31:51,314 _log_update: [398] (22.4 %) of epoch 10 -- lr = 1, duration = 12.5 ms
2017-10-20 23:32:16,475 _log_update: [598] (33.6 %) of epoch 10 -- lr = 1, duration = 12.5 ms
2017-10-20 23:32:41,634 _log_update: [798] (44.9 %) of epoch 10 -- lr = 1, duration = 12.5 ms
2017-10-20 23:33:06,793 _log_update: [998] (56.1 %) of epoch 10 -- lr = 1, duration = 12.5 ms
2017-10-20 23:33:31,950 _log_update: [1198] (67.4 %) of epoch 10 -- lr = 1, duration = 12.5 ms
2017-10-20 23:33:57,105 _log_update: [1398] (78.6 %) of epoch 10 -- lr = 1, duration = 12.4 ms
2017-10-20 23:34:22,275 _log_update: [1598] (89.9 %) of epoch 10 -- lr = 1, duration = 12.5 ms
2017-10-20 23:34:47,846 _validate: [1772] First validation sample, perplexity 141.67.
2017-10-20 23:34:59,154 _validate: [1775] Center of validation, perplexity 142.50.
2017-10-20 23:35:10,489 _validate: [1778] Last validation sample, perplexity 142.96.
2017-10-20 23:35:10,504 _set_candidate_state: New candidate for optimal state saved to /l/senarvi/theanolm-recipes/penn-treebank/nnlm.h5.
2017-10-20 23:35:10,504 _log_validation: [1778] Validation set cost history: 286.5 206.3 176.1 164.1 158.1 150.8 147.8 144.1 142.8 [142.5]
2017-10-20 23:35:10,505 _reset: Generating a random order of input lines.
Finished training epoch 10 in 0 hours 4.2 minutes. Best validation perplexity 142.52.
2017-10-20 23:35:12,993 _log_update: [20] (1.1 %) of epoch 11 -- lr = 1, duration = 12.5 ms
2017-10-20 23:35:38,157 _log_update: [220] (12.4 %) of epoch 11 -- lr = 1, duration = 12.5 ms
2017-10-20 23:36:03,327 _log_update: [420] (23.6 %) of epoch 11 -- lr = 1, duration = 12.5 ms
2017-10-20 23:36:28,492 _log_update: [620] (34.9 %) of epoch 11 -- lr = 1, duration = 12.5 ms
2017-10-20 23:36:53,649 _log_update: [820] (46.1 %) of epoch 11 -- lr = 1, duration = 12.5 ms
2017-10-20 23:37:18,813 _log_update: [1020] (57.4 %) of epoch 11 -- lr = 1, duration = 12.5 ms
2017-10-20 23:37:43,969 _log_update: [1220] (68.6 %) of epoch 11 -- lr = 1, duration = 12.5 ms
2017-10-20 23:38:09,135 _log_update: [1420] (79.9 %) of epoch 11 -- lr = 1, duration = 12.5 ms
2017-10-20 23:38:34,291 _log_update: [1620] (91.1 %) of epoch 11 -- lr = 1, duration = 12.5 ms
2017-10-20 23:38:57,089 _validate: [1772] First validation sample, perplexity 141.40.
2017-10-20 23:39:08,400 _validate: [1775] Center of validation, perplexity 143.03.
2017-10-20 23:39:19,722 _validate: [1778] Last validation sample, perplexity 142.43.
2017-10-20 23:39:19,737 _set_candidate_state: New candidate for optimal state saved to /l/senarvi/theanolm-recipes/penn-treebank/nnlm.h5.
2017-10-20 23:39:19,737 _log_validation: [1778] Validation set cost history: 286.5 206.3 176.1 164.1 158.1 150.8 147.8 144.1 142.8 142.5 [142.4]
2017-10-20 23:39:19,738 _reset: Generating a random order of input lines.
Finished training epoch 11 in 0 hours 4.2 minutes. Best validation perplexity 142.38.
2017-10-20 23:39:24,996 _log_update: [42] (2.4 %) of epoch 12 -- lr = 1, duration = 12.5 ms
2017-10-20 23:39:50,165 _log_update: [242] (13.6 %) of epoch 12 -- lr = 1, duration = 12.5 ms
2017-10-20 23:40:15,329 _log_update: [442] (24.9 %) of epoch 12 -- lr = 1, duration = 12.5 ms
2017-10-20 23:40:40,489 _log_update: [642] (36.1 %) of epoch 12 -- lr = 1, duration = 12.5 ms
2017-10-20 23:41:05,668 _log_update: [842] (47.4 %) of epoch 12 -- lr = 1, duration = 12.5 ms
2017-10-20 23:41:30,834 _log_update: [1042] (58.6 %) of epoch 12 -- lr = 1, duration = 12.5 ms
2017-10-20 23:41:55,990 _log_update: [1242] (69.9 %) of epoch 12 -- lr = 1, duration = 12.5 ms
2017-10-20 23:42:21,150 _log_update: [1442] (81.1 %) of epoch 12 -- lr = 1, duration = 12.5 ms
2017-10-20 23:42:46,309 _log_update: [1642] (92.4 %) of epoch 12 -- lr = 1, duration = 12.5 ms
2017-10-20 23:43:06,347 _validate: [1772] First validation sample, perplexity 141.32.
2017-10-20 23:43:17,649 _validate: [1775] Center of validation, perplexity 141.30.
2017-10-20 23:43:28,968 _validate: [1778] Last validation sample, perplexity 139.37.
2017-10-20 23:43:28,983 _set_candidate_state: New candidate for optimal state saved to /l/senarvi/theanolm-recipes/penn-treebank/nnlm.h5.
2017-10-20 23:43:28,983 _log_validation: [1778] Validation set cost history: 286.5 206.3 176.1 164.1 158.1 150.8 147.8 144.1 142.8 142.5 142.4 [141.2]
2017-10-20 23:43:28,984 _reset: Generating a random order of input lines.
Finished training epoch 12 in 0 hours 4.2 minutes. Best validation perplexity 141.25.
2017-10-20 23:43:36,990 _log_update: [64] (3.6 %) of epoch 13 -- lr = 1, duration = 12.4 ms
2017-10-20 23:44:02,102 _log_update: [264] (14.8 %) of epoch 13 -- lr = 1, duration = 12.4 ms
2017-10-20 23:44:27,210 _log_update: [464] (26.1 %) of epoch 13 -- lr = 1, duration = 12.4 ms
2017-10-20 23:44:52,324 _log_update: [664] (37.3 %) of epoch 13 -- lr = 1, duration = 12.4 ms
2017-10-20 23:45:17,439 _log_update: [864] (48.6 %) of epoch 13 -- lr = 1, duration = 12.4 ms
2017-10-20 23:45:42,549 _log_update: [1064] (59.8 %) of epoch 13 -- lr = 1, duration = 12.4 ms
2017-10-20 23:46:07,662 _log_update: [1264] (71.1 %) of epoch 13 -- lr = 1, duration = 12.5 ms
2017-10-20 23:46:32,771 _log_update: [1464] (82.3 %) of epoch 13 -- lr = 1, duration = 12.4 ms
2017-10-20 23:46:57,880 _log_update: [1664] (93.6 %) of epoch 13 -- lr = 1, duration = 12.4 ms
2017-10-20 23:47:15,118 _validate: [1772] First validation sample, perplexity 139.66.
2017-10-20 23:47:26,421 _validate: [1775] Center of validation, perplexity 138.65.
2017-10-20 23:47:37,739 _validate: [1778] Last validation sample, perplexity 139.29.
2017-10-20 23:47:37,754 _set_candidate_state: New candidate for optimal state saved to /l/senarvi/theanolm-recipes/penn-treebank/nnlm.h5.
2017-10-20 23:47:37,754 _log_validation: [1778] Validation set cost history: 286.5 206.3 176.1 164.1 158.1 150.8 147.8 144.1 142.8 142.5 142.4 141.2 [139.0]
2017-10-20 23:47:37,755 _reset: Generating a random order of input lines.
Finished training epoch 13 in 0 hours 4.1 minutes. Best validation perplexity 139.05.
2017-10-20 23:47:48,537 _log_update: [86] (4.8 %) of epoch 14 -- lr = 1, duration = 12.4 ms
2017-10-20 23:48:13,683 _log_update: [286] (16.1 %) of epoch 14 -- lr = 1, duration = 12.5 ms
2017-10-20 23:48:38,826 _log_update: [486] (27.3 %) of epoch 14 -- lr = 1, duration = 12.5 ms
2017-10-20 23:49:03,970 _log_update: [686] (38.6 %) of epoch 14 -- lr = 1, duration = 12.4 ms
2017-10-20 23:49:29,113 _log_update: [886] (49.8 %) of epoch 14 -- lr = 1, duration = 12.5 ms
2017-10-20 23:49:54,253 _log_update: [1086] (61.1 %) of epoch 14 -- lr = 1, duration = 12.5 ms
2017-10-20 23:50:19,398 _log_update: [1286] (72.3 %) of epoch 14 -- lr = 1, duration = 12.4 ms
2017-10-20 23:50:44,541 _log_update: [1486] (83.6 %) of epoch 14 -- lr = 1, duration = 12.5 ms
2017-10-20 23:51:09,702 _log_update: [1686] (94.8 %) of epoch 14 -- lr = 1, duration = 12.5 ms
2017-10-20 23:51:24,195 _validate: [1772] First validation sample, perplexity 137.98.
2017-10-20 23:51:35,499 _validate: [1775] Center of validation, perplexity 138.26.
2017-10-20 23:51:46,819 _validate: [1778] Last validation sample, perplexity 138.58.
2017-10-20 23:51:46,834 _set_candidate_state: New candidate for optimal state saved to /l/senarvi/theanolm-recipes/penn-treebank/nnlm.h5.
2017-10-20 23:51:46,834 _log_validation: [1778] Validation set cost history: 286.5 206.3 176.1 164.1 158.1 150.8 147.8 144.1 142.8 142.5 142.4 141.2 139.0 [138.3]
2017-10-20 23:51:46,835 _reset: Generating a random order of input lines.
Finished training epoch 14 in 0 hours 4.2 minutes. Best validation perplexity 138.26.
2017-10-20 23:52:00,386 _log_update: [108] (6.1 %) of epoch 15 -- lr = 1, duration = 12.5 ms
2017-10-20 23:52:25,541 _log_update: [308] (17.3 %) of epoch 15 -- lr = 1, duration = 12.5 ms
2017-10-20 23:52:50,686 _log_update: [508] (28.6 %) of epoch 15 -- lr = 1, duration = 12.5 ms
2017-10-20 23:53:15,835 _log_update: [708] (39.8 %) of epoch 15 -- lr = 1, duration = 12.5 ms
2017-10-20 23:53:40,979 _log_update: [908] (51.1 %) of epoch 15 -- lr = 1, duration = 12.5 ms
2017-10-20 23:54:06,130 _log_update: [1108] (62.3 %) of epoch 15 -- lr = 1, duration = 12.5 ms
2017-10-20 23:54:31,295 _log_update: [1308] (73.6 %) of epoch 15 -- lr = 1, duration = 12.5 ms
2017-10-20 23:54:56,442 _log_update: [1508] (84.8 %) of epoch 15 -- lr = 1, duration = 12.4 ms
2017-10-20 23:55:21,593 _log_update: [1708] (96.1 %) of epoch 15 -- lr = 1, duration = 12.5 ms
2017-10-20 23:55:33,318 _validate: [1772] First validation sample, perplexity 138.81.
2017-10-20 23:55:44,621 _validate: [1775] Center of validation, perplexity 139.91.
2017-10-20 23:55:55,951 _validate: [1778] Last validation sample, perplexity 138.50.
2017-10-20 23:55:55,951 _log_validation: [1778] Validation set cost history: 286.5 206.3 176.1 164.1 158.1 150.8 147.8 144.1 142.8 142.5 142.4 141.2 139.0 [138.3] 139.3
2017-10-20 23:55:55,953 set_state: layers/projection_layer/W <- array(10001, 100)
2017-10-20 23:55:55,953 set_state: layers/hidden_layer/step_input/W <- array(256, 1024)
2017-10-20 23:55:55,954 set_state: layers/hidden_layer/layer_input/b <- array(1024,)
2017-10-20 23:55:55,954 set_state: layers/hidden_layer/layer_input/W <- array(100, 1024)
2017-10-20 23:55:55,957 set_state: layers/output_layer/input/W <- array(256, 10001)
2017-10-20 23:55:55,958 set_state: layers/output_layer/input/b <- array(10001,)
2017-10-20 23:55:55,959 _reset_state: [1775] (99.83 %) of epoch 14
2017-10-20 23:55:55,959 _log_validation: [1775] Validation set cost history: 286.5 206.3 176.1 164.1 158.1 150.8 147.8 144.1 142.8 142.5 142.4 141.2 139.0 [138.3]
2017-10-20 23:55:55,960 set_state: Restored iterator to line 41999 of 42068.
2017-10-20 23:55:55,960 set_state: layers/output_layer/input/b_velocity <- array(10001,)
2017-10-20 23:55:55,961 set_state: layers/hidden_layer/step_input/W_velocity <- array(256, 1024)
2017-10-20 23:55:55,962 set_state: layers/projection_layer/W_velocity <- array(10001, 100)
2017-10-20 23:55:55,965 set_state: layers/output_layer/input/W_velocity <- array(256, 10001)
2017-10-20 23:55:55,966 set_state: layers/hidden_layer/layer_input/b_velocity <- array(1024,)
2017-10-20 23:55:55,966 set_state: layers/hidden_layer/layer_input/W_velocity <- array(100, 1024)
Model performance stopped improving. Decreasing learning rate from 1.0 to 0.5 and resetting state to 100 % of epoch 14.
2017-10-20 23:55:55,967 _reset: Generating a random order of input lines.
Finished training epoch 14 in 0 hours 4.2 minutes. Best validation perplexity 138.26.
2017-10-20 23:56:12,287 _log_update: [130] (7.3 %) of epoch 15 -- lr = 0.5, duration = 12.4 ms
2017-10-20 23:56:37,435 _log_update: [330] (18.6 %) of epoch 15 -- lr = 0.5, duration = 12.5 ms
2017-10-20 23:57:02,585 _log_update: [530] (29.8 %) of epoch 15 -- lr = 0.5, duration = 12.5 ms
2017-10-20 23:57:27,737 _log_update: [730] (41.1 %) of epoch 15 -- lr = 0.5, duration = 12.5 ms
2017-10-20 23:57:52,884 _log_update: [930] (52.3 %) of epoch 15 -- lr = 0.5, duration = 12.5 ms
2017-10-20 23:58:18,034 _log_update: [1130] (63.6 %) of epoch 15 -- lr = 0.5, duration = 12.5 ms
2017-10-20 23:58:43,180 _log_update: [1330] (74.8 %) of epoch 15 -- lr = 0.5, duration = 12.5 ms
2017-10-20 23:59:08,337 _log_update: [1530] (86.1 %) of epoch 15 -- lr = 0.5, duration = 12.5 ms
2017-10-20 23:59:33,524 _log_update: [1730] (97.3 %) of epoch 15 -- lr = 0.5, duration = 12.5 ms
2017-10-20 23:59:42,501 _validate: [1772] First validation sample, perplexity 130.42.
2017-10-20 23:59:53,803 _validate: [1775] Center of validation, perplexity 131.70.
2017-10-21 00:00:05,132 _validate: [1778] Last validation sample, perplexity 131.20.
2017-10-21 00:00:05,147 _set_candidate_state: New candidate for optimal state saved to /l/senarvi/theanolm-recipes/penn-treebank/nnlm.h5.
2017-10-21 00:00:05,147 _log_validation: [1778] Validation set cost history: 286.5 206.3 176.1 164.1 158.1 150.8 147.8 144.1 142.8 142.5 142.4 141.2 139.0 138.3 [131.4]
2017-10-21 00:00:05,148 _reset: Generating a random order of input lines.
Finished training epoch 15 in 0 hours 4.2 minutes. Best validation perplexity 131.45.
Stopping because 15 epochs was reached.
Training finished in 1 hours 6.7 minutes.
2017-10-21 00:00:05,156 set_state: layers/projection_layer/W <- array(10001, 100)
2017-10-21 00:00:05,157 set_state: layers/hidden_layer/step_input/W <- array(256, 1024)
2017-10-21 00:00:05,157 set_state: layers/hidden_layer/layer_input/b <- array(1024,)
2017-10-21 00:00:05,158 set_state: layers/hidden_layer/layer_input/W <- array(100, 1024)
2017-10-21 00:00:05,161 set_state: layers/output_layer/input/W <- array(256, 10001)
2017-10-21 00:00:05,161 set_state: layers/output_layer/input/b <- array(10001,)
Best validation set perplexity: 131.701570883
train finished.
Computing evaluation set perplexity.
Reading vocabulary from network state.
Number of words in vocabulary: 10001
Number of words in shortlist: 10001
Number of word classes: 10001
Building neural network.
Restoring neural network state.
Building text scorer.
Number of sentences: 3761
Number of words: 86191
Number of tokens: 86191
Number of predicted probabilities: 82430
Number of excluded (OOV) words: 0
Number of zero probabilities: 0
Cross entropy (base e): 4.705331639934455
Perplexity: 110.53493666870058
